<?xml version="1.0" encoding="UTF-8"?>
<testsuite xmlns:xsi="http://www.w3.org/2001/XMLSchema-instance" xsi:noNamespaceSchemaLocation="https://maven.apache.org/surefire/maven-surefire-plugin/xsd/surefire-test-report.xsd" name="com.assignment.practice_exercises_junit_prameterized_tests.Tests" time="0.224" tests="9" errors="0" skipped="0" failures="0">
  <properties>
[...]
</properties>
  <testcase name="characterCountPositiveTest" classname="com.assignment.practice_exercises_junit_prameterized_tests.Tests" time="0.136"/>
  <testcase name="nullStringVowelCountTest" classname="com.assignment.practice_exercises_junit_prameterized_tests.Tests" time="0.002"/>
  <testcase name="isEvenPositiveTest" classname="com.assignment.practice_exercises_junit_prameterized_tests.Tests" time="0.012"/>
  <testcase name="nullStringcharacterCountTest" classname="com.assignment.practice_exercises_junit_prameterized_tests.Tests" time="0.013"/>
  <testcase name="emptyStringcharacterCountTest" classname="com.assignment.practice_exercises_junit_prameterized_tests.Tests" time="0.002"/>
  <testcase name="isEvenNegativeTest" classname="com.assignment.practice_exercises_junit_prameterized_tests.Tests" time="0.002"/>
  <testcase name="addSumPositivetest" classname="com.assignment.practice_exercises_junit_prameterized_tests.Tests" time="0.001"/>
  <testcase name="emptyStringVowelCountTest" classname="com.assignment.practice_exercises_junit_prameterized_tests.Tests" time="0.001"/>
  <testcase name="vowelCountPositiveTest" classname="com.assignment.practice_exercises_junit_prameterized_tests.Tests" time="0.001"/>
</testsuite>